1717158953.191074 client started (5442): version 3.4, socket /private/tmp/tmux-501/default, protocol 8
1717158953.191167 on Darwin 21.6.0 Darwin Kernel Version 21.6.0: Wed Apr 24 06:02:02 PDT 2024; root:xnu-8020.240.18.708.4~1/RELEASE_X86_64
1717158953.191182 using libevent 2.1.12-stable select
1717158953.191396 using utf8proc 2.9.0
1717158953.191413 using ncurses 6.5 20240427
1717158953.191450 flags are 0x10010000
1717158953.191458 socket is /private/tmp/tmux-501/default
1717158953.191469 trying connect
1717158953.191534 add peer 0x7fa209831000: 6 (0x0)
1717158953.193450 sending message 100 to peer 0x7fa209831000 (4 bytes)
1717158953.193471 sending message 111 to peer 0x7fa209831000 (8 bytes)
1717158953.193479 sending message 101 to peer 0x7fa209831000 (8 bytes)
1717158953.193487 sending message 109 to peer 0x7fa209831000 (4 bytes)
1717158953.193494 sending message 102 to peer 0x7fa209831000 (13 bytes)
1717158953.193501 sending message 108 to peer 0x7fa209831000 (22 bytes)
1717158953.193508 sending message 112 to peer 0x7fa209831000 (58 bytes)
1717158953.193515 sending message 112 to peer 0x7fa209831000 (5 bytes)
1717158953.193521 sending message 112 to peer 0x7fa209831000 (6 bytes)
1717158953.193528 sending message 112 to peer 0x7fa209831000 (6 bytes)
1717158953.193535 sending message 112 to peer 0x7fa209831000 (11 bytes)
1717158953.193542 sending message 112 to peer 0x7fa209831000 (10 bytes)
1717158953.193548 sending message 112 to peer 0x7fa209831000 (13 bytes)
1717158953.193555 sending message 112 to peer 0x7fa209831000 (14 bytes)
1717158953.193562 sending message 112 to peer 0x7fa209831000 (19 bytes)
1717158953.193569 sending message 112 to peer 0x7fa209831000 (11 bytes)
1717158953.193575 sending message 112 to peer 0x7fa209831000 (10 bytes)
1717158953.193591 sending message 112 to peer 0x7fa209831000 (15 bytes)
1717158953.193598 sending message 112 to peer 0x7fa209831000 (21 bytes)
1717158953.193604 sending message 112 to peer 0x7fa209831000 (13 bytes)
1717158953.193611 sending message 112 to peer 0x7fa209831000 (7 bytes)
1717158953.193617 sending message 112 to peer 0x7fa209831000 (13 bytes)
1717158953.193624 sending message 112 to peer 0x7fa209831000 (7 bytes)
1717158953.193630 sending message 112 to peer 0x7fa209831000 (13 bytes)
1717158953.193637 sending message 112 to peer 0x7fa209831000 (9 bytes)
1717158953.193643 sending message 112 to peer 0x7fa209831000 (21 bytes)
1717158953.193650 sending message 112 to peer 0x7fa209831000 (13 bytes)
1717158953.193656 sending message 112 to peer 0x7fa209831000 (9 bytes)
1717158953.193663 sending message 112 to peer 0x7fa209831000 (16 bytes)
1717158953.193669 sending message 112 to peer 0x7fa209831000 (13 bytes)
1717158953.193676 sending message 112 to peer 0x7fa209831000 (9 bytes)
1717158953.193683 sending message 112 to peer 0x7fa209831000 (9 bytes)
1717158953.193689 sending message 112 to peer 0x7fa209831000 (12 bytes)
1717158953.193696 sending message 112 to peer 0x7fa209831000 (8 bytes)
1717158953.193702 sending message 112 to peer 0x7fa209831000 (13 bytes)
1717158953.193709 sending message 112 to peer 0x7fa209831000 (7 bytes)
1717158953.193715 sending message 112 to peer 0x7fa209831000 (7 bytes)
1717158953.193722 sending message 112 to peer 0x7fa209831000 (9 bytes)
1717158953.193728 sending message 112 to peer 0x7fa209831000 (7 bytes)
1717158953.193735 sending message 112 to peer 0x7fa209831000 (9 bytes)
1717158953.193741 sending message 112 to peer 0x7fa209831000 (15 bytes)
1717158953.193748 sending message 112 to peer 0x7fa209831000 (13 bytes)
1717158953.193755 sending message 112 to peer 0x7fa209831000 (12 bytes)
1717158953.193761 sending message 112 to peer 0x7fa209831000 (8 bytes)
1717158953.193768 sending message 112 to peer 0x7fa209831000 (14 bytes)
1717158953.193774 sending message 112 to peer 0x7fa209831000 (11 bytes)
1717158953.193781 sending message 112 to peer 0x7fa209831000 (9 bytes)
1717158953.193787 sending message 112 to peer 0x7fa209831000 (10 bytes)
1717158953.193794 sending message 112 to peer 0x7fa209831000 (10 bytes)
1717158953.193800 sending message 112 to peer 0x7fa209831000 (10 bytes)
1717158953.193820 sending message 112 to peer 0x7fa209831000 (10 bytes)
1717158953.193825 sending message 112 to peer 0x7fa209831000 (11 bytes)
1717158953.193829 sending message 112 to peer 0x7fa209831000 (11 bytes)
1717158953.193833 sending message 112 to peer 0x7fa209831000 (9 bytes)
1717158953.193837 sending message 112 to peer 0x7fa209831000 (12 bytes)
1717158953.193841 sending message 112 to peer 0x7fa209831000 (8 bytes)
1717158953.193846 sending message 112 to peer 0x7fa209831000 (11 bytes)
1717158953.193852 sending message 112 to peer 0x7fa209831000 (11 bytes)
1717158953.193857 sending message 112 to peer 0x7fa209831000 (11 bytes)
1717158953.193861 sending message 112 to peer 0x7fa209831000 (12 bytes)
1717158953.193865 sending message 112 to peer 0x7fa209831000 (12 bytes)
1717158953.193869 sending message 112 to peer 0x7fa209831000 (12 bytes)
1717158953.193874 sending message 112 to peer 0x7fa209831000 (12 bytes)
1717158953.193878 sending message 112 to peer 0x7fa209831000 (13 bytes)
1717158953.193882 sending message 112 to peer 0x7fa209831000 (13 bytes)
1717158953.193886 sending message 112 to peer 0x7fa209831000 (13 bytes)
1717158953.193890 sending message 112 to peer 0x7fa209831000 (8 bytes)
1717158953.193894 sending message 112 to peer 0x7fa209831000 (13 bytes)
1717158953.193899 sending message 112 to peer 0x7fa209831000 (13 bytes)
1717158953.193903 sending message 112 to peer 0x7fa209831000 (13 bytes)
1717158953.193907 sending message 112 to peer 0x7fa209831000 (13 bytes)
1717158953.193911 sending message 112 to peer 0x7fa209831000 (13 bytes)
1717158953.193915 sending message 112 to peer 0x7fa209831000 (12 bytes)
1717158953.193920 sending message 112 to peer 0x7fa209831000 (12 bytes)
1717158953.193924 sending message 112 to peer 0x7fa209831000 (12 bytes)
1717158953.193928 sending message 112 to peer 0x7fa209831000 (12 bytes)
1717158953.193932 sending message 112 to peer 0x7fa209831000 (13 bytes)
1717158953.193936 sending message 112 to peer 0x7fa209831000 (8 bytes)
1717158953.193940 sending message 112 to peer 0x7fa209831000 (13 bytes)
1717158953.193945 sending message 112 to peer 0x7fa209831000 (13 bytes)
1717158953.193949 sending message 112 to peer 0x7fa209831000 (13 bytes)
1717158953.193953 sending message 112 to peer 0x7fa209831000 (13 bytes)
1717158953.193957 sending message 112 to peer 0x7fa209831000 (13 bytes)
1717158953.193961 sending message 112 to peer 0x7fa209831000 (13 bytes)
1717158953.193965 sending message 112 to peer 0x7fa209831000 (13 bytes)
1717158953.193970 sending message 112 to peer 0x7fa209831000 (12 bytes)
1717158953.193974 sending message 112 to peer 0x7fa209831000 (12 bytes)
1717158953.193978 sending message 112 to peer 0x7fa209831000 (12 bytes)
1717158953.193982 sending message 112 to peer 0x7fa209831000 (8 bytes)
1717158953.193986 sending message 112 to peer 0x7fa209831000 (12 bytes)
1717158953.193990 sending message 112 to peer 0x7fa209831000 (13 bytes)
1717158953.193995 sending message 112 to peer 0x7fa209831000 (13 bytes)
1717158953.193999 sending message 112 to peer 0x7fa209831000 (13 bytes)
1717158953.194003 sending message 112 to peer 0x7fa209831000 (13 bytes)
1717158953.194007 sending message 112 to peer 0x7fa209831000 (13 bytes)
1717158953.194011 sending message 112 to peer 0x7fa209831000 (13 bytes)
1717158953.194015 sending message 112 to peer 0x7fa209831000 (13 bytes)
1717158953.194019 sending message 112 to peer 0x7fa209831000 (13 bytes)
1717158953.194024 sending message 112 to peer 0x7fa209831000 (12 bytes)
1717158953.194028 sending message 112 to peer 0x7fa209831000 (10 bytes)
1717158953.194032 sending message 112 to peer 0x7fa209831000 (12 bytes)
1717158953.194036 sending message 112 to peer 0x7fa209831000 (12 bytes)
1717158953.194040 sending message 112 to peer 0x7fa209831000 (12 bytes)
1717158953.194044 sending message 112 to peer 0x7fa209831000 (13 bytes)
1717158953.194049 sending message 112 to peer 0x7fa209831000 (13 bytes)
1717158953.194053 sending message 112 to peer 0x7fa209831000 (13 bytes)
1717158953.194057 sending message 112 to peer 0x7fa209831000 (13 bytes)
1717158953.194081 sending message 112 to peer 0x7fa209831000 (13 bytes)
1717158953.194086 sending message 112 to peer 0x7fa209831000 (13 bytes)
1717158953.194090 sending message 112 to peer 0x7fa209831000 (13 bytes)
1717158953.194095 sending message 112 to peer 0x7fa209831000 (10 bytes)
1717158953.194099 sending message 112 to peer 0x7fa209831000 (13 bytes)
1717158953.194103 sending message 112 to peer 0x7fa209831000 (12 bytes)
1717158953.194108 sending message 112 to peer 0x7fa209831000 (12 bytes)
1717158953.194112 sending message 112 to peer 0x7fa209831000 (12 bytes)
1717158953.194117 sending message 112 to peer 0x7fa209831000 (10 bytes)
1717158953.194121 sending message 112 to peer 0x7fa209831000 (10 bytes)
1717158953.194125 sending message 112 to peer 0x7fa209831000 (10 bytes)
1717158953.194130 sending message 112 to peer 0x7fa209831000 (12 bytes)
1717158953.194134 sending message 112 to peer 0x7fa209831000 (10 bytes)
1717158953.194139 sending message 112 to peer 0x7fa209831000 (11 bytes)
1717158953.194145 sending message 112 to peer 0x7fa209831000 (11 bytes)
1717158953.194149 sending message 112 to peer 0x7fa209831000 (12 bytes)
1717158953.194154 sending message 112 to peer 0x7fa209831000 (12 bytes)
1717158953.194158 sending message 112 to peer 0x7fa209831000 (10 bytes)
1717158953.194163 sending message 112 to peer 0x7fa209831000 (9 bytes)
1717158953.194167 sending message 112 to peer 0x7fa209831000 (12 bytes)
1717158953.194171 sending message 112 to peer 0x7fa209831000 (9 bytes)
1717158953.194176 sending message 112 to peer 0x7fa209831000 (12 bytes)
1717158953.194180 sending message 112 to peer 0x7fa209831000 (11 bytes)
1717158953.194186 sending message 112 to peer 0x7fa209831000 (12 bytes)
1717158953.194190 sending message 112 to peer 0x7fa209831000 (21 bytes)
1717158953.194195 sending message 112 to peer 0x7fa209831000 (12 bytes)
1717158953.194199 sending message 112 to peer 0x7fa209831000 (9 bytes)
1717158953.194203 sending message 112 to peer 0x7fa209831000 (6 bytes)
1717158953.194207 sending message 112 to peer 0x7fa209831000 (13 bytes)
1717158953.194212 sending message 112 to peer 0x7fa209831000 (10 bytes)
1717158953.194216 sending message 112 to peer 0x7fa209831000 (24 bytes)
1717158953.194220 sending message 112 to peer 0x7fa209831000 (13 bytes)
1717158953.194224 sending message 112 to peer 0x7fa209831000 (9 bytes)
1717158953.194229 sending message 112 to peer 0x7fa209831000 (70 bytes)
1717158953.194233 sending message 112 to peer 0x7fa209831000 (69 bytes)
1717158953.194237 sending message 112 to peer 0x7fa209831000 (70 bytes)
1717158953.194242 sending message 112 to peer 0x7fa209831000 (12 bytes)
1717158953.194246 sending message 112 to peer 0x7fa209831000 (10 bytes)
1717158953.194250 sending message 112 to peer 0x7fa209831000 (10 bytes)
1717158953.194254 sending message 112 to peer 0x7fa209831000 (24 bytes)
1717158953.194259 sending message 112 to peer 0x7fa209831000 (13 bytes)
1717158953.194263 sending message 112 to peer 0x7fa209831000 (11 bytes)
1717158953.194267 sending message 112 to peer 0x7fa209831000 (10 bytes)
1717158953.194272 sending message 112 to peer 0x7fa209831000 (10 bytes)
1717158953.194276 sending message 112 to peer 0x7fa209831000 (17 bytes)
1717158953.194280 sending message 112 to peer 0x7fa209831000 (10 bytes)
1717158953.194284 sending message 112 to peer 0x7fa209831000 (13 bytes)
1717158953.194289 sending message 112 to peer 0x7fa209831000 (32 bytes)
1717158953.194293 sending message 112 to peer 0x7fa209831000 (5 bytes)
1717158953.194297 sending message 112 to peer 0x7fa209831000 (9 bytes)
1717158953.194302 sending message 112 to peer 0x7fa209831000 (15 bytes)
1717158953.194307 sending message 104 to peer 0x7fa209831000 (0 bytes)
1717158953.194312 sending message 110 to peer 0x7fa209831000 (0 bytes)
1717158953.194317 sending message 107 to peer 0x7fa209831000 (4 bytes)
1717158953.194321 sending message 105 to peer 0x7fa209831000 (20 bytes)
1717158953.194325 sending message 105 to peer 0x7fa209831000 (22 bytes)
1717158953.194330 sending message 105 to peer 0x7fa209831000 (31 bytes)
1717158953.194343 sending message 105 to peer 0x7fa209831000 (20 bytes)
1717158953.194347 sending message 105 to peer 0x7fa209831000 (33 bytes)
1717158953.194352 sending message 105 to peer 0x7fa209831000 (21 bytes)
1717158953.194356 sending message 105 to peer 0x7fa209831000 (17 bytes)
1717158953.194360 sending message 105 to peer 0x7fa209831000 (17 bytes)
1717158953.194364 sending message 105 to peer 0x7fa209831000 (13 bytes)
1717158953.194369 sending message 105 to peer 0x7fa209831000 (29 bytes)
1717158953.194373 sending message 105 to peer 0x7fa209831000 (240 bytes)
1717158953.194378 sending message 105 to peer 0x7fa209831000 (26 bytes)
1717158953.194382 sending message 105 to peer 0x7fa209831000 (15 bytes)
1717158953.194386 sending message 105 to peer 0x7fa209831000 (39 bytes)
1717158953.194390 sending message 105 to peer 0x7fa209831000 (8 bytes)
1717158953.194395 sending message 105 to peer 0x7fa209831000 (66 bytes)
1717158953.194399 sending message 105 to peer 0x7fa209831000 (21 bytes)
1717158953.194404 sending message 105 to peer 0x7fa209831000 (13 bytes)
1717158953.194408 sending message 105 to peer 0x7fa209831000 (18 bytes)
1717158953.194412 sending message 105 to peer 0x7fa209831000 (25 bytes)
1717158953.194417 sending message 105 to peer 0x7fa209831000 (20 bytes)
1717158953.194421 sending message 105 to peer 0x7fa209831000 (23 bytes)
1717158953.194427 sending message 105 to peer 0x7fa209831000 (30 bytes)
1717158953.194431 sending message 105 to peer 0x7fa209831000 (42 bytes)
1717158953.194436 sending message 105 to peer 0x7fa209831000 (13 bytes)
1717158953.194440 sending message 105 to peer 0x7fa209831000 (59 bytes)
1717158953.194444 sending message 105 to peer 0x7fa209831000 (10 bytes)
1717158953.194449 sending message 105 to peer 0x7fa209831000 (47 bytes)
1717158953.194453 sending message 105 to peer 0x7fa209831000 (60 bytes)
1717158953.194457 sending message 105 to peer 0x7fa209831000 (72 bytes)
1717158953.194461 sending message 105 to peer 0x7fa209831000 (64 bytes)
1717158953.194466 sending message 105 to peer 0x7fa209831000 (15 bytes)
1717158953.194470 sending message 105 to peer 0x7fa209831000 (67 bytes)
1717158953.194474 sending message 105 to peer 0x7fa209831000 (36 bytes)
1717158953.194478 sending message 105 to peer 0x7fa209831000 (14 bytes)
1717158953.194483 sending message 105 to peer 0x7fa209831000 (19 bytes)
1717158953.194487 sending message 105 to peer 0x7fa209831000 (32 bytes)
1717158953.194491 sending message 105 to peer 0x7fa209831000 (44 bytes)
1717158953.194496 sending message 105 to peer 0x7fa209831000 (38 bytes)
1717158953.194500 sending message 105 to peer 0x7fa209831000 (15 bytes)
1717158953.194504 sending message 105 to peer 0x7fa209831000 (22 bytes)
1717158953.194509 sending message 106 to peer 0x7fa209831000 (0 bytes)
1717158953.194564 sending message 200 to peer 0x7fa209831000 (4 bytes)
1717158953.194571 client loop enter
1717158953.194794 peer 0x7fa209831000 message 303
1717158953.194812 open write file 2 -
1717158953.194841 sending message 305 to peer 0x7fa209831000 (8 bytes)
1717158953.194872 write check file 2
1717158953.194942 peer 0x7fa209831000 message 304
1717158953.194964 write 58 to file 2
1717158953.194976 peer 0x7fa209831000 message 203
1717158953.194981 file 2 58 bytes left
1717158953.195006 write check file 2
1717158953.195012 client loop exit
